<?xml version="1.0" encoding="UTF-8" ?>
<testsuite failures="0" time="0.152" errors="0" skipped="0" tests="2" name="tiw5.modele.TestXMLMappings">
  <properties>
    <property name="java.runtime.name" value="Java(TM) SE Runtime Environment"/>
    <property name="sun.boot.library.path" value="C:\Program Files\Java\jdk1.7.0\jre\bin"/>
    <property name="java.vm.version" value="21.0-b17"/>
    <property name="java.vm.vendor" value="Oracle Corporation"/>
    <property name="java.vendor.url" value="http://java.oracle.com/"/>
    <property name="path.separator" value=";"/>
    <property name="java.vm.name" value="Java HotSpot(TM) Client VM"/>
    <property name="file.encoding.pkg" value="sun.io"/>
    <property name="user.script" value=""/>
    <property name="user.country" value="FR"/>
    <property name="sun.java.launcher" value="SUN_STANDARD"/>
    <property name="sun.os.patch.level" value="Service Pack 1"/>
    <property name="java.vm.specification.name" value="Java Virtual Machine Specification"/>
    <property name="user.dir" value="C:\Users\Dahu\Desktop\Master\TIW5\tiw5-2011-tp2\projet\modele"/>
    <property name="java.runtime.version" value="1.7.0-b147"/>
    <property name="java.awt.graphicsenv" value="sun.awt.Win32GraphicsEnvironment"/>
    <property name="basedir" value="C:\Users\Dahu\Desktop\Master\TIW5\tiw5-2011-tp2\projet\modele"/>
    <property name="java.endorsed.dirs" value="C:\Program Files\Java\jdk1.7.0\jre\lib\endorsed"/>
    <property name="os.arch" value="x86"/>
    <property name="surefire.real.class.path" value="C:\Users\Dahu\Desktop\Master\TIW5\tiw5-2011-tp2\projet\modele\target\surefire\surefirebooter3974917191759627299.jar"/>
    <property name="java.io.tmpdir" value="C:\Users\Dahu\AppData\Local\Temp\"/>
    <property name="line.separator" value="
"/>
    <property name="java.vm.specification.vendor" value="Oracle Corporation"/>
    <property name="user.variant" value=""/>
    <property name="os.name" value="Windows 7"/>
    <property name="sun.jnu.encoding" value="Cp1252"/>
    <property name="java.library.path" value="C:\Program Files\Java\jdk1.7.0\jre\bin;C:\Windows\Sun\Java\bin;C:\Windows\system32;C:\Windows;C:/Program Files/Java/jre7/bin/client;C:/Program Files/Java/jre7/bin;C:/Program Files/Java/jre7/lib/i386;C:\Windows\system32;C:\Windows;C:\Windows\System32\Wbem;C:\Windows\System32\WindowsPowerShell\v1.0\;C:\Program Files\Mercurial\;C:\Program Files\Git\cmd;C:\Users\Dahu\Downloads\eclipse;;."/>
    <property name="surefire.test.class.path" value="C:\Users\Dahu\Desktop\Master\TIW5\tiw5-2011-tp2\projet\modele\target\test-classes;C:\Users\Dahu\Desktop\Master\TIW5\tiw5-2011-tp2\projet\modele\target\classes;C:\Users\Dahu\.m2\repository\junit\junit\3.8.1\junit-3.8.1.jar;C:\Users\Dahu\.m2\repository\org\slf4j\slf4j-api\1.6.2\slf4j-api-1.6.2.jar;C:\Users\Dahu\.m2\repository\org\slf4j\slf4j-simple\1.6.2\slf4j-simple-1.6.2.jar;C:\Users\Dahu\.m2\repository\org\hibernate\hibernate-entitymanager\3.6.7.Final\hibernate-entitymanager-3.6.7.Final.jar;C:\Users\Dahu\.m2\repository\org\hibernate\hibernate-core\3.6.7.Final\hibernate-core-3.6.7.Final.jar;C:\Users\Dahu\.m2\repository\antlr\antlr\2.7.6\antlr-2.7.6.jar;C:\Users\Dahu\.m2\repository\commons-collections\commons-collections\3.1\commons-collections-3.1.jar;C:\Users\Dahu\.m2\repository\dom4j\dom4j\1.6.1\dom4j-1.6.1.jar;C:\Users\Dahu\.m2\repository\org\hibernate\hibernate-commons-annotations\3.2.0.Final\hibernate-commons-annotations-3.2.0.Final.jar;C:\Users\Dahu\.m2\repository\javax\transaction\jta\1.1\jta-1.1.jar;C:\Users\Dahu\.m2\repository\cglib\cglib\2.2\cglib-2.2.jar;C:\Users\Dahu\.m2\repository\asm\asm\3.1\asm-3.1.jar;C:\Users\Dahu\.m2\repository\javassist\javassist\3.12.0.GA\javassist-3.12.0.GA.jar;C:\Users\Dahu\.m2\repository\org\apache\derby\derby\10.8.1.2\derby-10.8.1.2.jar;C:\Users\Dahu\.m2\repository\org\hibernate\javax\persistence\hibernate-jpa-2.0-api\1.0.1.Final\hibernate-jpa-2.0-api-1.0.1.Final.jar;"/>
    <property name="java.specification.name" value="Java Platform API Specification"/>
    <property name="java.class.version" value="51.0"/>
    <property name="sun.management.compiler" value="HotSpot Client Compiler"/>
    <property name="os.version" value="6.1"/>
    <property name="user.home" value="C:\Users\Dahu"/>
    <property name="user.timezone" value="Europe/Paris"/>
    <property name="java.awt.printerjob" value="sun.awt.windows.WPrinterJob"/>
    <property name="java.specification.version" value="1.7"/>
    <property name="file.encoding" value="Cp1252"/>
    <property name="user.name" value="Dahu"/>
    <property name="java.class.path" value="C:\Users\Dahu\Desktop\Master\TIW5\tiw5-2011-tp2\projet\modele\target\test-classes;C:\Users\Dahu\Desktop\Master\TIW5\tiw5-2011-tp2\projet\modele\target\classes;C:\Users\Dahu\.m2\repository\junit\junit\3.8.1\junit-3.8.1.jar;C:\Users\Dahu\.m2\repository\org\slf4j\slf4j-api\1.6.2\slf4j-api-1.6.2.jar;C:\Users\Dahu\.m2\repository\org\slf4j\slf4j-simple\1.6.2\slf4j-simple-1.6.2.jar;C:\Users\Dahu\.m2\repository\org\hibernate\hibernate-entitymanager\3.6.7.Final\hibernate-entitymanager-3.6.7.Final.jar;C:\Users\Dahu\.m2\repository\org\hibernate\hibernate-core\3.6.7.Final\hibernate-core-3.6.7.Final.jar;C:\Users\Dahu\.m2\repository\antlr\antlr\2.7.6\antlr-2.7.6.jar;C:\Users\Dahu\.m2\repository\commons-collections\commons-collections\3.1\commons-collections-3.1.jar;C:\Users\Dahu\.m2\repository\dom4j\dom4j\1.6.1\dom4j-1.6.1.jar;C:\Users\Dahu\.m2\repository\org\hibernate\hibernate-commons-annotations\3.2.0.Final\hibernate-commons-annotations-3.2.0.Final.jar;C:\Users\Dahu\.m2\repository\javax\transaction\jta\1.1\jta-1.1.jar;C:\Users\Dahu\.m2\repository\cglib\cglib\2.2\cglib-2.2.jar;C:\Users\Dahu\.m2\repository\asm\asm\3.1\asm-3.1.jar;C:\Users\Dahu\.m2\repository\javassist\javassist\3.12.0.GA\javassist-3.12.0.GA.jar;C:\Users\Dahu\.m2\repository\org\apache\derby\derby\10.8.1.2\derby-10.8.1.2.jar;C:\Users\Dahu\.m2\repository\org\hibernate\javax\persistence\hibernate-jpa-2.0-api\1.0.1.Final\hibernate-jpa-2.0-api-1.0.1.Final.jar;"/>
    <property name="java.vm.specification.version" value="1.7"/>
    <property name="sun.arch.data.model" value="32"/>
    <property name="java.home" value="C:\Program Files\Java\jdk1.7.0\jre"/>
    <property name="sun.java.command" value="C:\Users\Dahu\Desktop\Master\TIW5\tiw5-2011-tp2\projet\modele\target\surefire\surefirebooter3974917191759627299.jar C:\Users\Dahu\Desktop\Master\TIW5\tiw5-2011-tp2\projet\modele\target\surefire\surefire1040176078470582228tmp C:\Users\Dahu\Desktop\Master\TIW5\tiw5-2011-tp2\projet\modele\target\surefire\surefire4094109416390530773tmp"/>
    <property name="java.specification.vendor" value="Oracle Corporation"/>
    <property name="user.language" value="fr"/>
    <property name="awt.toolkit" value="sun.awt.windows.WToolkit"/>
    <property name="java.vm.info" value="mixed mode, sharing"/>
    <property name="java.version" value="1.7.0"/>
    <property name="java.ext.dirs" value="C:\Program Files\Java\jdk1.7.0\jre\lib\ext;C:\Windows\Sun\Java\lib\ext"/>
    <property name="sun.boot.class.path" value="C:\Program Files\Java\jdk1.7.0\jre\lib\resources.jar;C:\Program Files\Java\jdk1.7.0\jre\lib\rt.jar;C:\Program Files\Java\jdk1.7.0\jre\lib\sunrsasign.jar;C:\Program Files\Java\jdk1.7.0\jre\lib\jsse.jar;C:\Program Files\Java\jdk1.7.0\jre\lib\jce.jar;C:\Program Files\Java\jdk1.7.0\jre\lib\charsets.jar;C:\Program Files\Java\jdk1.7.0\jre\classes"/>
    <property name="java.vendor" value="Oracle Corporation"/>
    <property name="localRepository" value="C:\Users\Dahu\.m2\repository"/>
    <property name="file.separator" value="\"/>
    <property name="java.vendor.url.bug" value="http://bugreport.sun.com/bugreport/"/>
    <property name="sun.cpu.endian" value="little"/>
    <property name="sun.io.unicode.encoding" value="UnicodeLittle"/>
    <property name="sun.desktop" value="windows"/>
    <property name="sun.cpu.isalist" value="pentium_pro+mmx pentium_pro pentium+mmx pentium i486 i386 i86"/>
  </properties>
  <testcase time="0.12" classname="tiw5.modele.TestXMLMappings" name="testArtisteMapping"/>
  <testcase time="0.03" classname="tiw5.modele.TestXMLMappings" name="testAlbumMapping"/>
</testsuite>